0 info it worked if it ends with ok
1 verbose cli [ '/usr/bin/nodejs', '/usr/bin/npm', 'run-script', 'unit' ]
2 info using npm@3.10.10
3 info using node@v6.11.2
4 verbose run-script [ 'preunit', 'unit', 'postunit' ]
5 info lifecycle radar-backend@1.0.0~preunit: radar-backend@1.0.0
6 silly lifecycle radar-backend@1.0.0~preunit: no script for preunit, continuing
7 info lifecycle radar-backend@1.0.0~unit: radar-backend@1.0.0
8 verbose lifecycle radar-backend@1.0.0~unit: unsafe-perm in lifecycle true
9 verbose lifecycle radar-backend@1.0.0~unit: PATH: /usr/lib/node_modules/npm/bin/node-gyp-bin:/home/rusli_kenneth/oxygen-comp30022/backend/node_modules/.bin:/usr/local/bin:/usr/bin:/bin:/usr/games
10 verbose lifecycle radar-backend@1.0.0~unit: CWD: /home/rusli_kenneth/oxygen-comp30022/backend
11 silly lifecycle radar-backend@1.0.0~unit: Args: [ '-c', 'mocha --grep unit --timeout 10000' ]
12 silly lifecycle radar-backend@1.0.0~unit: Returned: code: 1  signal: null
13 info lifecycle radar-backend@1.0.0~unit: Failed to exec unit script
14 verbose stack Error: radar-backend@1.0.0 unit: `mocha --grep unit --timeout 10000`
14 verbose stack Exit status 1
14 verbose stack     at EventEmitter.<anonymous> (/usr/lib/node_modules/npm/lib/utils/lifecycle.js:255:16)
14 verbose stack     at emitTwo (events.js:106:13)
14 verbose stack     at EventEmitter.emit (events.js:191:7)
14 verbose stack     at ChildProcess.<anonymous> (/usr/lib/node_modules/npm/lib/utils/spawn.js:40:14)
14 verbose stack     at emitTwo (events.js:106:13)
14 verbose stack     at ChildProcess.emit (events.js:191:7)
14 verbose stack     at maybeClose (internal/child_process.js:891:16)
14 verbose stack     at Process.ChildProcess._handle.onexit (internal/child_process.js:226:5)
15 verbose pkgid radar-backend@1.0.0
16 verbose cwd /home/rusli_kenneth/oxygen-comp30022/backend
17 error Linux 4.9.0-3-amd64
18 error argv "/usr/bin/nodejs" "/usr/bin/npm" "run-script" "unit"
19 error node v6.11.2
20 error npm  v3.10.10
21 error code ELIFECYCLE
22 error radar-backend@1.0.0 unit: `mocha --grep unit --timeout 10000`
22 error Exit status 1
23 error Failed at the radar-backend@1.0.0 unit script 'mocha --grep unit --timeout 10000'.
23 error Make sure you have the latest version of node.js and npm installed.
23 error If you do, this is most likely a problem with the radar-backend package,
23 error not with npm itself.
23 error Tell the author that this fails on your system:
23 error     mocha --grep unit --timeout 10000
23 error You can get information on how to open an issue for this project with:
23 error     npm bugs radar-backend
23 error Or if that isn't available, you can get their info via:
23 error     npm owner ls radar-backend
23 error There is likely additional logging output above.
24 verbose exit [ 1, true ]
